{"/Users/billynoble/StrucAssistant/Screens/Scenario1.js": {"path":"/Users/billynoble/StrucAssistant/Screens/Scenario1.js","statementMap":{"0":{"start":{"line":7,"column":26},"end":{"line":7,"column":89}},"1":{"start":{"line":8,"column":2},"end":{"line":8,"column":25}},"2":{"start":{"line":12,"column":27},"end":{"line":12,"column":44}},"3":{"start":{"line":13,"column":27},"end":{"line":13,"column":44}},"4":{"start":{"line":14,"column":2},"end":{"line":14,"column":46}},"5":{"start":{"line":18,"column":22},"end":{"line":18,"column":41}},"6":{"start":{"line":19,"column":2},"end":{"line":19,"column":21}},"7":{"start":{"line":23,"column":20},"end":{"line":23,"column":52}},"8":{"start":{"line":24,"column":2},"end":{"line":24,"column":19}},"9":{"start":{"line":28,"column":28},"end":{"line":28,"column":115}},"10":{"start":{"line":29,"column":28},"end":{"line":29,"column":115}},"11":{"start":{"line":30,"column":25},"end":{"line":30,"column":65}},"12":{"start":{"line":31,"column":25},"end":{"line":31,"column":65}},"13":{"start":{"line":32,"column":2},"end":{"line":32,"column":42}},"14":{"start":{"line":35,"column":18},"end":{"line":214,"column":1}},"15":{"start":{"line":38,"column":44},"end":{"line":38,"column":56}},"16":{"start":{"line":39,"column":44},"end":{"line":39,"column":56}},"17":{"start":{"line":40,"column":46},"end":{"line":40,"column":58}},"18":{"start":{"line":41,"column":46},"end":{"line":41,"column":58}},"19":{"start":{"line":42,"column":36},"end":{"line":42,"column":48}},"20":{"start":{"line":43,"column":40},"end":{"line":43,"column":52}},"21":{"start":{"line":44,"column":34},"end":{"line":44,"column":46}},"22":{"start":{"line":45,"column":52},"end":{"line":45,"column":66}},"23":{"start":{"line":47,"column":27},"end":{"line":47,"column":39}},"24":{"start":{"line":48,"column":28},"end":{"line":48,"column":40}},"25":{"start":{"line":49,"column":28},"end":{"line":49,"column":40}},"26":{"start":{"line":50,"column":23},"end":{"line":50,"column":35}},"27":{"start":{"line":51,"column":25},"end":{"line":51,"column":37}},"28":{"start":{"line":52,"column":22},"end":{"line":52,"column":34}},"29":{"start":{"line":53,"column":21},"end":{"line":53,"column":36}},"30":{"start":{"line":56,"column":29},"end":{"line":89,"column":3}},"31":{"start":{"line":57,"column":4},"end":{"line":57,"column":23}},"32":{"start":{"line":59,"column":19},"end":{"line":59,"column":44}},"33":{"start":{"line":60,"column":19},"end":{"line":60,"column":44}},"34":{"start":{"line":61,"column":21},"end":{"line":61,"column":47}},"35":{"start":{"line":62,"column":21},"end":{"line":62,"column":47}},"36":{"start":{"line":63,"column":17},"end":{"line":63,"column":38}},"37":{"start":{"line":64,"column":21},"end":{"line":64,"column":44}},"38":{"start":{"line":65,"column":18},"end":{"line":65,"column":38}},"39":{"start":{"line":67,"column":4},"end":{"line":70,"column":5}},"40":{"start":{"line":68,"column":6},"end":{"line":68,"column":66}},"41":{"start":{"line":69,"column":6},"end":{"line":69,"column":13}},"42":{"start":{"line":72,"column":49},"end":{"line":72,"column":87}},"43":{"start":{"line":73,"column":28},"end":{"line":73,"column":74}},"44":{"start":{"line":74,"column":24},"end":{"line":74,"column":55}},"45":{"start":{"line":75,"column":22},"end":{"line":75,"column":62}},"46":{"start":{"line":76,"column":45},"end":{"line":76,"column":103}},"47":{"start":{"line":78,"column":4},"end":{"line":86,"column":7}},"48":{"start":{"line":88,"column":4},"end":{"line":88,"column":28}},"49":{"start":{"line":93,"column":32},"end":{"line":108,"column":3}},"50":{"start":{"line":94,"column":4},"end":{"line":94,"column":76}},"51":{"start":{"line":95,"column":4},"end":{"line":95,"column":57}},"52":{"start":{"line":96,"column":4},"end":{"line":96,"column":92}},"53":{"start":{"line":97,"column":4},"end":{"line":107,"column":7}},"54":{"start":{"line":111,"column":2},"end":{"line":213,"column":4}},"55":{"start":{"line":127,"column":35},"end":{"line":127,"column":67}},"56":{"start":{"line":140,"column":35},"end":{"line":140,"column":68}},"57":{"start":{"line":153,"column":35},"end":{"line":153,"column":68}},"58":{"start":{"line":166,"column":35},"end":{"line":166,"column":63}},"59":{"start":{"line":190,"column":35},"end":{"line":190,"column":65}},"60":{"start":{"line":203,"column":35},"end":{"line":203,"column":62}},"61":{"start":{"line":216,"column":15},"end":{"line":259,"column":2}}},"fnMap":{"0":{"name":"designLoad","decl":{"start":{"line":6,"column":16},"end":{"line":6,"column":26}},"loc":{"start":{"line":6,"column":89},"end":{"line":9,"column":1}},"line":6},"1":{"name":"calculateSuppReactions","decl":{"start":{"line":11,"column":16},"end":{"line":11,"column":38}},"loc":{"start":{"line":11,"column":69},"end":{"line":15,"column":1}},"line":11},"2":{"name":"calculateShear","decl":{"start":{"line":17,"column":16},"end":{"line":17,"column":30}},"loc":{"start":{"line":17,"column":48},"end":{"line":20,"column":1}},"line":17},"3":{"name":"calculateBendMom","decl":{"start":{"line":22,"column":16},"end":{"line":22,"column":32}},"loc":{"start":{"line":22,"column":60},"end":{"line":25,"column":1}},"line":22},"4":{"name":"calculateDeflection","decl":{"start":{"line":27,"column":16},"end":{"line":27,"column":35}},"loc":{"start":{"line":27,"column":100},"end":{"line":33,"column":1}},"line":27},"5":{"name":"(anonymous_5)","decl":{"start":{"line":35,"column":18},"end":{"line":35,"column":19}},"loc":{"start":{"line":35,"column":24},"end":{"line":214,"column":1}},"line":35},"6":{"name":"(anonymous_6)","decl":{"start":{"line":56,"column":29},"end":{"line":56,"column":30}},"loc":{"start":{"line":56,"column":35},"end":{"line":89,"column":3}},"line":56},"7":{"name":"(anonymous_7)","decl":{"start":{"line":93,"column":32},"end":{"line":93,"column":33}},"loc":{"start":{"line":93,"column":38},"end":{"line":108,"column":3}},"line":93},"8":{"name":"(anonymous_8)","decl":{"start":{"line":127,"column":29},"end":{"line":127,"column":30}},"loc":{"start":{"line":127,"column":35},"end":{"line":127,"column":67}},"line":127},"9":{"name":"(anonymous_9)","decl":{"start":{"line":140,"column":29},"end":{"line":140,"column":30}},"loc":{"start":{"line":140,"column":35},"end":{"line":140,"column":68}},"line":140},"10":{"name":"(anonymous_10)","decl":{"start":{"line":153,"column":29},"end":{"line":153,"column":30}},"loc":{"start":{"line":153,"column":35},"end":{"line":153,"column":68}},"line":153},"11":{"name":"(anonymous_11)","decl":{"start":{"line":166,"column":29},"end":{"line":166,"column":30}},"loc":{"start":{"line":166,"column":35},"end":{"line":166,"column":63}},"line":166},"12":{"name":"(anonymous_12)","decl":{"start":{"line":190,"column":29},"end":{"line":190,"column":30}},"loc":{"start":{"line":190,"column":35},"end":{"line":190,"column":65}},"line":190},"13":{"name":"(anonymous_13)","decl":{"start":{"line":203,"column":29},"end":{"line":203,"column":30}},"loc":{"start":{"line":203,"column":35},"end":{"line":203,"column":62}},"line":203}},"branchMap":{"0":{"loc":{"start":{"line":67,"column":4},"end":{"line":70,"column":5}},"type":"if","locations":[{"start":{"line":67,"column":4},"end":{"line":70,"column":5}},{"start":{},"end":{}}],"line":67},"1":{"loc":{"start":{"line":67,"column":8},"end":{"line":67,"column":126}},"type":"binary-expr","locations":[{"start":{"line":67,"column":8},"end":{"line":67,"column":21}},{"start":{"line":67,"column":25},"end":{"line":67,"column":38}},{"start":{"line":67,"column":42},"end":{"line":67,"column":57}},{"start":{"line":67,"column":61},"end":{"line":67,"column":76}},{"start":{"line":67,"column":80},"end":{"line":67,"column":91}},{"start":{"line":67,"column":95},"end":{"line":67,"column":110}},{"start":{"line":67,"column":114},"end":{"line":67,"column":126}}],"line":67},"2":{"loc":{"start":{"line":113,"column":16},"end":{"line":113,"column":60}},"type":"cond-expr","locations":[{"start":{"line":113,"column":40},"end":{"line":113,"column":49}},{"start":{"line":113,"column":52},"end":{"line":113,"column":60}}],"line":113}},"s":{"0":2,"1":2,"2":1,"3":1,"4":1,"5":1,"6":1,"7":1,"8":1,"9":1,"10":1,"11":1,"12":1,"13":1,"14":1,"15":0,"16":0,"17":0,"18":0,"19":0,"20":0,"21":0,"22":0,"23":0,"24":0,"25":0,"26":0,"27":0,"28":0,"29":0,"30":0,"31":0,"32":0,"33":0,"34":0,"35":0,"36":0,"37":0,"38":0,"39":0,"40":0,"41":0,"42":0,"43":0,"44":0,"45":0,"46":0,"47":0,"48":0,"49":0,"50":0,"51":0,"52":0,"53":0,"54":0,"55":0,"56":0,"57":0,"58":0,"59":0,"60":0,"61":1},"f":{"0":2,"1":1,"2":1,"3":1,"4":1,"5":0,"6":0,"7":0,"8":0,"9":0,"10":0,"11":0,"12":0,"13":0},"b":{"0":[0,0],"1":[0,0,0,0,0,0,0],"2":[0,0]},"_coverageSchema":"1a1c01bbd47fc00a2c39e90264f33305004495a9","hash":"f4a52cb74a78fe7523181a339e82dfb1a5692357"}
}
