TN:
SF:Screens/Scenario1.js
FN:6,designLoad
FN:11,calculateSuppReactions
FN:17,calculateShear
FN:22,calculateBendMom
FN:27,calculateDeflection
FN:35,(anonymous_5)
FN:56,(anonymous_6)
FN:93,(anonymous_7)
FN:127,(anonymous_8)
FN:140,(anonymous_9)
FN:153,(anonymous_10)
FN:166,(anonymous_11)
FN:190,(anonymous_12)
FN:203,(anonymous_13)
FNF:14
FNH:5
FNDA:2,designLoad
FNDA:1,calculateSuppReactions
FNDA:1,calculateShear
FNDA:1,calculateBendMom
FNDA:1,calculateDeflection
FNDA:0,(anonymous_5)
FNDA:0,(anonymous_6)
FNDA:0,(anonymous_7)
FNDA:0,(anonymous_8)
FNDA:0,(anonymous_9)
FNDA:0,(anonymous_10)
FNDA:0,(anonymous_11)
FNDA:0,(anonymous_12)
FNDA:0,(anonymous_13)
DA:7,2
DA:8,2
DA:12,1
DA:13,1
DA:14,1
DA:18,1
DA:19,1
DA:23,1
DA:24,1
DA:28,1
DA:29,1
DA:30,1
DA:31,1
DA:32,1
DA:35,1
DA:38,0
DA:39,0
DA:40,0
DA:41,0
DA:42,0
DA:43,0
DA:44,0
DA:45,0
DA:47,0
DA:48,0
DA:49,0
DA:50,0
DA:51,0
DA:52,0
DA:53,0
DA:56,0
DA:57,0
DA:59,0
DA:60,0
DA:61,0
DA:62,0
DA:63,0
DA:64,0
DA:65,0
DA:67,0
DA:68,0
DA:69,0
DA:72,0
DA:73,0
DA:74,0
DA:75,0
DA:76,0
DA:78,0
DA:88,0
DA:93,0
DA:94,0
DA:95,0
DA:96,0
DA:97,0
DA:111,0
DA:127,0
DA:140,0
DA:153,0
DA:166,0
DA:190,0
DA:203,0
DA:216,1
LF:62
LH:16
BRDA:67,0,0,0
BRDA:67,0,1,0
BRDA:67,1,0,0
BRDA:67,1,1,0
BRDA:67,1,2,0
BRDA:67,1,3,0
BRDA:67,1,4,0
BRDA:67,1,5,0
BRDA:67,1,6,0
BRDA:113,2,0,0
BRDA:113,2,1,0
BRF:11
BRH:0
end_of_record
